Using pre-set license
Built from '2020.3/staging' branch; Version is '2020.3.8f1 (507919d4fff5) revision 5273881'; Using compiler version '192528614'; Build Type 'Release'
OS: 'Windows 10 Home; OS build 19041.1083; Version 2004; 64bit' Language: 'en' Physical Memory: 8143 MB
BatchMode: 1, IsHumanControllingUs: 0, StartBugReporterOnCrash: 0, Is64bit: 1, IsPro: 0

 COMMAND LINE ARGUMENTS:
D:\MyStuff\UnityProjects\2020.3.8f1\Editor\Unity.exe
-adb2
-batchMode
-noUpm
-name
AssetImportWorker0
-projectPath
D:/Projects/Sausage
-logFile
Logs/AssetImportWorker0.log
-srvPort
58788
Successfully changed project path to: D:/Projects/Sausage
D:/Projects/Sausage
Using Asset Import Pipeline V2.
Refreshing native plugins compatible for Editor in 45.77 ms, found 0 plugins.
Preloading 0 native plugins for Editor in 0.00 ms.
Initialize engine version: 2020.3.8f1 (507919d4fff5)
[Subsystems] Discovering subsystems at path D:/MyStuff/UnityProjects/2020.3.8f1/Editor/Data/Resources/UnitySubsystems
[Subsystems] Discovering subsystems at path D:/Projects/Sausage/Assets
GfxDevice: creating device client; threaded=0
Direct3D:
    Version:  Direct3D 11.0 [level 11.1]
    Renderer: Radeon RX Vega (ID=0x687f)
    Vendor:   
    VRAM:     8119 MB
    Driver:   27.20.14527.2002
Shader 'Universal Render Pipeline/Particles/Lit': fallback shader 'Universal Render Pipeline/Particles/SimpleLit' not found
Initialize mono
Mono path[0] = 'D:/MyStuff/UnityProjects/2020.3.8f1/Editor/Data/Managed'
Mono path[1] = 'D:/MyStuff/UnityProjects/2020.3.8f1/Editor/Data/MonoBleedingEdge/lib/mono/unityjit'
Mono config path = 'D:/MyStuff/UnityProjects/2020.3.8f1/Editor/Data/MonoBleedingEdge/etc'
Using monoOptions --debugger-agent=transport=dt_socket,embedding=1,server=y,suspend=n,address=127.0.0.1:56032
Begin MonoManager ReloadAssembly
Registering precompiled unity dll's ...
Register platform support module: D:/MyStuff/UnityProjects/2020.3.8f1/Editor/Data/PlaybackEngines/WindowsStandaloneSupport/UnityEditor.WindowsStandalone.Extensions.dll
Registered in 0.001967 seconds.
Native extension for WindowsStandalone target not found
Refreshing native plugins compatible for Editor in 48.95 ms, found 0 plugins.
Preloading 0 native plugins for Editor in 0.00 ms.
Mono: successfully reloaded assembly
- Completed reload, in  1.962 seconds
Platform modules already initialized, skipping
Registering precompiled user dll's ...
Registered in 0.001489 seconds.
Begin MonoManager ReloadAssembly
Native extension for WindowsStandalone target not found
Refreshing native plugins compatible for Editor in 49.04 ms, found 0 plugins.
Preloading 0 native plugins for Editor in 0.00 ms.
Mono: successfully reloaded assembly
- Completed reload, in  1.026 seconds
Platform modules already initialized, skipping
========================================================================
Worker process is ready to serve import requests
Shader 'Universal Render Pipeline/Particles/Lit': fallback shader 'Universal Render Pipeline/Particles/SimpleLit' not found
Launched and connected shader compiler UnityShaderCompiler.exe after 0.45 seconds
Refreshing native plugins compatible for Editor in 0.45 ms, found 0 plugins.
Preloading 0 native plugins for Editor in 0.00 ms.
Unloading 2430 Unused Serialized files (Serialized files now loaded: 0)
System memory in use before: 115.6 MB.
System memory in use after: 115.7 MB.

Unloading 11 unused Assets to reduce memory usage. Loaded Objects now: 2879.
Total: 2.282900 ms (FindLiveObjects: 0.283500 ms CreateObjectMapping: 0.066500 ms MarkObjects: 1.842400 ms  DeleteObjects: 0.088600 ms)

========================================================================
Received Import Request.
  path: Assets/Outline.shader
  artifactKey: Guid(4678cbb9840d0ab4299d9f85bd0b2633) Importer(815301076,1909f56bfc062723c751e8b465ee728b)
Start importing Assets/Outline.shader using Guid(4678cbb9840d0ab4299d9f85bd0b2633) Importer(815301076,1909f56bfc062723c751e8b465ee728b)  -> (artifact id: 'c826ac9d15d2eab5df0530e7e51bdb4f') in 0.051963 seconds
  Import took 0.087475 seconds .

========================================================================
Received Import Request.
  Time since last request: 7.419035 seconds.
  path: Assets/Outline.shader
  artifactKey: Guid(4678cbb9840d0ab4299d9f85bd0b2633) Importer(815301076,1909f56bfc062723c751e8b465ee728b)
Start importing Assets/Outline.shader using Guid(4678cbb9840d0ab4299d9f85bd0b2633) Importer(815301076,1909f56bfc062723c751e8b465ee728b)  -> (artifact id: '1a889c1e16bca1e57e88c0b629c9347e') in 0.003226 seconds
  Import took 0.008512 seconds .

========================================================================
Received Import Request.
  Time since last request: 67.074802 seconds.
  path: Assets/Outline.shader
  artifactKey: Guid(4678cbb9840d0ab4299d9f85bd0b2633) Importer(815301076,1909f56bfc062723c751e8b465ee728b)
Start importing Assets/Outline.shader using Guid(4678cbb9840d0ab4299d9f85bd0b2633) Importer(815301076,1909f56bfc062723c751e8b465ee728b)  -> (artifact id: '0a5590cec985ac4224821a133c7da0ab') in 0.002730 seconds
  Import took 0.006859 seconds .

========================================================================
Received Import Request.
  Time since last request: 20.929962 seconds.
  path: Assets/Outline.shader
  artifactKey: Guid(4678cbb9840d0ab4299d9f85bd0b2633) Importer(815301076,1909f56bfc062723c751e8b465ee728b)
Start importing Assets/Outline.shader using Guid(4678cbb9840d0ab4299d9f85bd0b2633) Importer(815301076,1909f56bfc062723c751e8b465ee728b)  -> (artifact id: '7a86beeb76e4f130710d9ee07ffcabe0') in 0.002658 seconds
  Import took 0.023710 seconds .

========================================================================
Received Import Request.
  Time since last request: 25.324558 seconds.
  path: Assets/Outline.shader
  artifactKey: Guid(4678cbb9840d0ab4299d9f85bd0b2633) Importer(815301076,1909f56bfc062723c751e8b465ee728b)
Start importing Assets/Outline.shader using Guid(4678cbb9840d0ab4299d9f85bd0b2633) Importer(815301076,1909f56bfc062723c751e8b465ee728b)  -> (artifact id: '87b9905ed5313e02883dfd8b246a3153') in 0.002700 seconds
  Import took 0.008002 seconds .

========================================================================
Received Import Request.
  Time since last request: 8.386854 seconds.
  path: Assets/Outline.shader
  artifactKey: Guid(4678cbb9840d0ab4299d9f85bd0b2633) Importer(815301076,1909f56bfc062723c751e8b465ee728b)
Start importing Assets/Outline.shader using Guid(4678cbb9840d0ab4299d9f85bd0b2633) Importer(815301076,1909f56bfc062723c751e8b465ee728b)  -> (artifact id: 'd9cf45a0526a6c3eb5899f4d304fcfc8') in 0.002894 seconds
  Import took 0.006905 seconds .

========================================================================
Received Import Request.
  Time since last request: 45.063464 seconds.
  path: Assets/Outline.shader
  artifactKey: Guid(4678cbb9840d0ab4299d9f85bd0b2633) Importer(815301076,1909f56bfc062723c751e8b465ee728b)
Start importing Assets/Outline.shader using Guid(4678cbb9840d0ab4299d9f85bd0b2633) Importer(815301076,1909f56bfc062723c751e8b465ee728b)  -> (artifact id: 'fa911c2ef65855e564b6524de41bebbb') in 0.002730 seconds
  Import took 0.007657 seconds .

========================================================================
Received Import Request.
  Time since last request: 172.659500 seconds.
  path: Assets/Shaders/OutlineFix.cs
  artifactKey: Guid(1206ece02ac70f54daecc221b9ba611b) Importer(815301076,1909f56bfc062723c751e8b465ee728b)
Start importing Assets/Shaders/OutlineFix.cs using Guid(1206ece02ac70f54daecc221b9ba611b) Importer(815301076,1909f56bfc062723c751e8b465ee728b)  -> (artifact id: '5b27f37edb0109f6821784e08be1198b') in 0.015316 seconds
  Import took 0.019179 seconds .

========================================================================
Received Import Request.
  Time since last request: 0.050706 seconds.
  path: Assets/Shaders/OutlineFix.cs
  artifactKey: Guid(1206ece02ac70f54daecc221b9ba611b) Importer(815301076,1909f56bfc062723c751e8b465ee728b)
Start importing Assets/Shaders/OutlineFix.cs using Guid(1206ece02ac70f54daecc221b9ba611b) Importer(815301076,1909f56bfc062723c751e8b465ee728b)  -> (artifact id: '5b27f37edb0109f6821784e08be1198b') in 0.003428 seconds
  Import took 0.008804 seconds .

========================================================================
Received Prepare
Registering precompiled user dll's ...
Registered in 0.001448 seconds.
Begin MonoManager ReloadAssembly
Native extension for WindowsStandalone target not found
Refreshing native plugins compatible for Editor in 0.56 ms, found 0 plugins.
Preloading 0 native plugins for Editor in 0.00 ms.
Mono: successfully reloaded assembly
- Completed reload, in  0.938 seconds
Platform modules already initialized, skipping
Switching build target platform(5) subTarget(0) extendedPlatform(0) -> platform(13) subTarget(537395200) extendedPlatform(0)
Shader 'Universal Render Pipeline/Particles/Lit': fallback shader 'Universal Render Pipeline/Particles/SimpleLit' not found
Refreshing native plugins compatible for Editor in 0.48 ms, found 0 plugins.
Preloading 0 native plugins for Editor in 0.00 ms.
Unloading 2319 Unused Serialized files (Serialized files now loaded: 0)
System memory in use before: 107.8 MB.
System memory in use after: 108.0 MB.

Unloading 6 unused Assets to reduce memory usage. Loaded Objects now: 2883.
Total: 2.737700 ms (FindLiveObjects: 0.309600 ms CreateObjectMapping: 0.068000 ms MarkObjects: 2.295100 ms  DeleteObjects: 0.062900 ms)

AssetImportParameters requested are different than current active one (requested -> active):
  custom:graphics/normal-map-encoding: 01000000000000000000000000000000 -> 02000000000000000000000000000000
========================================================================
Received Import Request.
  Time since last request: 99.542375 seconds.
  path: Assets/Shaders/OutlineFix.cs
  artifactKey: Guid(1206ece02ac70f54daecc221b9ba611b) Importer(815301076,1909f56bfc062723c751e8b465ee728b)
Start importing Assets/Shaders/OutlineFix.cs using Guid(1206ece02ac70f54daecc221b9ba611b) Importer(815301076,1909f56bfc062723c751e8b465ee728b)  -> (artifact id: '4ceace42dad53bbd324e85e5f7ad2cdb') in 0.006733 seconds
  Import took 0.010638 seconds .

========================================================================
Received Import Request.
  Time since last request: 245.409932 seconds.
  path: Assets/Outline.shader
  artifactKey: Guid(4678cbb9840d0ab4299d9f85bd0b2633) Importer(815301076,1909f56bfc062723c751e8b465ee728b)
Start importing Assets/Outline.shader using Guid(4678cbb9840d0ab4299d9f85bd0b2633) Importer(815301076,1909f56bfc062723c751e8b465ee728b)  -> (artifact id: '605ff2474364fa10b99aea91624e3470') in 0.009480 seconds
  Import took 0.032846 seconds .

========================================================================
Received Prepare
Registering precompiled user dll's ...
Registered in 0.001536 seconds.
Begin MonoManager ReloadAssembly
Native extension for WindowsStandalone target not found
Refreshing native plugins compatible for Editor in 0.48 ms, found 0 plugins.
Preloading 0 native plugins for Editor in 0.00 ms.
Mono: successfully reloaded assembly
- Completed reload, in  0.938 seconds
Platform modules already initialized, skipping
Switching build target platform(5) subTarget(0) extendedPlatform(0) -> platform(13) subTarget(537395200) extendedPlatform(0)
Shader 'Universal Render Pipeline/Particles/Lit': fallback shader 'Universal Render Pipeline/Particles/SimpleLit' not found
Refreshing native plugins compatible for Editor in 0.43 ms, found 0 plugins.
Preloading 0 native plugins for Editor in 0.00 ms.
Unloading 2319 Unused Serialized files (Serialized files now loaded: 0)
System memory in use before: 107.8 MB.
System memory in use after: 108.0 MB.

Unloading 6 unused Assets to reduce memory usage. Loaded Objects now: 2886.
Total: 2.347400 ms (FindLiveObjects: 0.354400 ms CreateObjectMapping: 0.074000 ms MarkObjects: 1.851700 ms  DeleteObjects: 0.065700 ms)

AssetImportParameters requested are different than current active one (requested -> active):
  custom:graphics/normal-map-encoding: 01000000000000000000000000000000 -> 02000000000000000000000000000000
========================================================================
Received Import Request.
  Time since last request: 31.102630 seconds.
  path: Assets/Shaders/Outline.mat
  artifactKey: Guid(2f25f7f9a9446574a8c906c73a983f49) Importer(815301076,1909f56bfc062723c751e8b465ee728b)
Start importing Assets/Shaders/Outline.mat using Guid(2f25f7f9a9446574a8c906c73a983f49) Importer(815301076,1909f56bfc062723c751e8b465ee728b)  -> (artifact id: '48dd68add8a41d00451f5fb6074e06db') in 0.259784 seconds
  Import took 0.263660 seconds .

========================================================================
Received Import Request.
  Time since last request: 1.255264 seconds.
  path: Assets/Shaders/Outline.mat
  artifactKey: Guid(2f25f7f9a9446574a8c906c73a983f49) Importer(815301076,1909f56bfc062723c751e8b465ee728b)
Start importing Assets/Shaders/Outline.mat using Guid(2f25f7f9a9446574a8c906c73a983f49) Importer(815301076,1909f56bfc062723c751e8b465ee728b)  -> (artifact id: '48dd68add8a41d00451f5fb6074e06db') in 0.009829 seconds
  Import took 0.014250 seconds .

========================================================================
Received Prepare
Registering precompiled user dll's ...
Registered in 0.001350 seconds.
Begin MonoManager ReloadAssembly
Native extension for WindowsStandalone target not found
Refreshing native plugins compatible for Editor in 0.58 ms, found 0 plugins.
Preloading 0 native plugins for Editor in 0.00 ms.
Mono: successfully reloaded assembly
- Completed reload, in  0.961 seconds
Platform modules already initialized, skipping
Switching build target platform(5) subTarget(0) extendedPlatform(0) -> platform(13) subTarget(537395200) extendedPlatform(0)
Shader 'Universal Render Pipeline/Particles/Lit': fallback shader 'Universal Render Pipeline/Particles/SimpleLit' not found
Refreshing native plugins compatible for Editor in 0.52 ms, found 0 plugins.
Preloading 0 native plugins for Editor in 0.00 ms.
Unloading 2319 Unused Serialized files (Serialized files now loaded: 0)
System memory in use before: 113.2 MB.
System memory in use after: 113.4 MB.

Unloading 6 unused Assets to reduce memory usage. Loaded Objects now: 2967.
Total: 2.335900 ms (FindLiveObjects: 0.314200 ms CreateObjectMapping: 0.063200 ms MarkObjects: 1.877600 ms  DeleteObjects: 0.079500 ms)

AssetImportParameters requested are different than current active one (requested -> active):
  custom:graphics/normal-map-encoding: 01000000000000000000000000000000 -> 02000000000000000000000000000000
========================================================================
Received Prepare
Registering precompiled user dll's ...
Registered in 0.001635 seconds.
Begin MonoManager ReloadAssembly
Native extension for WindowsStandalone target not found
Refreshing native plugins compatible for Editor in 0.43 ms, found 0 plugins.
Preloading 0 native plugins for Editor in 0.00 ms.
Mono: successfully reloaded assembly
- Completed reload, in  0.946 seconds
Platform modules already initialized, skipping
Switching build target platform(5) subTarget(0) extendedPlatform(0) -> platform(13) subTarget(537395200) extendedPlatform(0)
Shader 'Universal Render Pipeline/Particles/Lit': fallback shader 'Universal Render Pipeline/Particles/SimpleLit' not found
Refreshing native plugins compatible for Editor in 0.43 ms, found 0 plugins.
Preloading 0 native plugins for Editor in 0.00 ms.
Unloading 2319 Unused Serialized files (Serialized files now loaded: 0)
System memory in use before: 113.3 MB.
System memory in use after: 113.5 MB.

Unloading 6 unused Assets to reduce memory usage. Loaded Objects now: 2970.
Total: 2.609000 ms (FindLiveObjects: 0.352600 ms CreateObjectMapping: 0.069600 ms MarkObjects: 2.114600 ms  DeleteObjects: 0.070200 ms)

AssetImportParameters requested are different than current active one (requested -> active):
  custom:graphics/normal-map-encoding: 01000000000000000000000000000000 -> 02000000000000000000000000000000
========================================================================
Received Import Request.
  Time since last request: 290.537746 seconds.
  path: Assets/UniversalRenderPipelineAsset_Renderer.asset
  artifactKey: Guid(02273ffdd3af7cc47ad22ca6f95f3f6f) Importer(815301076,1909f56bfc062723c751e8b465ee728b)
Start importing Assets/UniversalRenderPipelineAsset_Renderer.asset using Guid(02273ffdd3af7cc47ad22ca6f95f3f6f) Importer(815301076,1909f56bfc062723c751e8b465ee728b)  -> (artifact id: '01a07f94cf782787ea600c01c0590faf') in 0.017283 seconds
  Import took 0.021942 seconds .

========================================================================
Received Import Request.
  Time since last request: 174.190316 seconds.
  path: Assets/Outline.shader
  artifactKey: Guid(4678cbb9840d0ab4299d9f85bd0b2633) Importer(815301076,1909f56bfc062723c751e8b465ee728b)
Start importing Assets/Outline.shader using Guid(4678cbb9840d0ab4299d9f85bd0b2633) Importer(815301076,1909f56bfc062723c751e8b465ee728b)  -> (artifact id: 'e8ec4d7fe86ee993699a4c0d9495e014') in 0.002641 seconds
  Import took 0.027604 seconds .

========================================================================
Received Import Request.
  Time since last request: 4.005032 seconds.
  path: Assets/BackFaceOutlines.hlsl
  artifactKey: Guid(dd0123a003b7cac45b5cefb904e5067d) Importer(815301076,1909f56bfc062723c751e8b465ee728b)
Start importing Assets/BackFaceOutlines.hlsl using Guid(dd0123a003b7cac45b5cefb904e5067d) Importer(815301076,1909f56bfc062723c751e8b465ee728b)  -> (artifact id: '5a1ae255ac3d77a3f1d44d4037177e94') in 0.016372 seconds
  Import took 0.021161 seconds .

========================================================================
Received Import Request.
  Time since last request: 0.001748 seconds.
  path: Assets/BackFaceOutlines.hlsl
  artifactKey: Guid(dd0123a003b7cac45b5cefb904e5067d) Importer(815301076,1909f56bfc062723c751e8b465ee728b)
Start importing Assets/BackFaceOutlines.hlsl using Guid(dd0123a003b7cac45b5cefb904e5067d) Importer(815301076,1909f56bfc062723c751e8b465ee728b)  -> (artifact id: '5a1ae255ac3d77a3f1d44d4037177e94') in 0.002573 seconds
  Import took 0.006813 seconds .

========================================================================
Received Import Request.
  Time since last request: 7.329387 seconds.
  path: Assets/Shaders/Outline.mat
  artifactKey: Guid(2f25f7f9a9446574a8c906c73a983f49) Importer(815301076,1909f56bfc062723c751e8b465ee728b)
Start importing Assets/Shaders/Outline.mat using Guid(2f25f7f9a9446574a8c906c73a983f49) Importer(815301076,1909f56bfc062723c751e8b465ee728b)  -> (artifact id: '7439f93741902986388dee60741e60c8') in 0.156540 seconds
  Import took 0.161923 seconds .

========================================================================
Received Import Request.
  Time since last request: 0.676246 seconds.
  path: Assets/Shaders/LineShader.shadergraph
  artifactKey: Guid(08b6485a8fa72dc4d98cfa2e1178e77c) Importer(815301076,1909f56bfc062723c751e8b465ee728b)
Start importing Assets/Shaders/LineShader.shadergraph using Guid(08b6485a8fa72dc4d98cfa2e1178e77c) Importer(815301076,1909f56bfc062723c751e8b465ee728b)  -> (artifact id: '1fd874c8daff94cdc25577b265e3e0f1') in 0.029263 seconds
  Import took 0.033448 seconds .

========================================================================
Received Import Request.
  Time since last request: 8.435044 seconds.
  path: Assets/Shaders/PlayerOutline.shadergraph
  artifactKey: Guid(3be3544c0822c0a46a27124a624375c4) Importer(815301076,1909f56bfc062723c751e8b465ee728b)
Start importing Assets/Shaders/PlayerOutline.shadergraph using Guid(3be3544c0822c0a46a27124a624375c4) Importer(815301076,1909f56bfc062723c751e8b465ee728b)  -> (artifact id: 'a28e99dbd7d4cd3f53ae78af8f8d55e6') in 0.007984 seconds
  Import took 0.025805 seconds .

========================================================================
Received Import Request.
  Time since last request: 0.293450 seconds.
  path: Assets/Shaders/PlayerOutline.shadergraph
  artifactKey: Guid(3be3544c0822c0a46a27124a624375c4) Importer(815301076,1909f56bfc062723c751e8b465ee728b)
Start importing Assets/Shaders/PlayerOutline.shadergraph using Guid(3be3544c0822c0a46a27124a624375c4) Importer(815301076,1909f56bfc062723c751e8b465ee728b)  -> (artifact id: 'a28e99dbd7d4cd3f53ae78af8f8d55e6') in 0.003201 seconds
  Import took 0.007608 seconds .

========================================================================
Received Import Request.
  Time since last request: 0.271123 seconds.
  path: Assets/Shaders/PlayerShader.shadergraph
  artifactKey: Guid(e9e70474e0e42fe4c9a0fdde49b028cb) Importer(815301076,1909f56bfc062723c751e8b465ee728b)
Start importing Assets/Shaders/PlayerShader.shadergraph using Guid(e9e70474e0e42fe4c9a0fdde49b028cb) Importer(815301076,1909f56bfc062723c751e8b465ee728b)  -> (artifact id: '1302fc4d29baa2ae75381f63fc779252') in 0.007416 seconds
  Import took 0.011409 seconds .

========================================================================
Received Prepare
Registering precompiled user dll's ...
Registered in 0.001398 seconds.
Begin MonoManager ReloadAssembly
Native extension for WindowsStandalone target not found
Refreshing native plugins compatible for Editor in 0.51 ms, found 0 plugins.
Preloading 0 native plugins for Editor in 0.00 ms.
Mono: successfully reloaded assembly
- Completed reload, in  0.979 seconds
Platform modules already initialized, skipping
Switching build target platform(5) subTarget(0) extendedPlatform(0) -> platform(13) subTarget(537395200) extendedPlatform(0)
Shader 'Universal Render Pipeline/Particles/Lit': fallback shader 'Universal Render Pipeline/Particles/SimpleLit' not found
Refreshing native plugins compatible for Editor in 0.42 ms, found 0 plugins.
Preloading 0 native plugins for Editor in 0.00 ms.
Unloading 2318 Unused Serialized files (Serialized files now loaded: 0)
System memory in use before: 113.3 MB.
System memory in use after: 113.5 MB.

Unloading 7 unused Assets to reduce memory usage. Loaded Objects now: 3008.
Total: 2.432500 ms (FindLiveObjects: 0.294000 ms CreateObjectMapping: 0.067400 ms MarkObjects: 2.007700 ms  DeleteObjects: 0.062400 ms)

AssetImportParameters requested are different than current active one (requested -> active):
  custom:graphics/normal-map-encoding: 01000000000000000000000000000000 -> 02000000000000000000000000000000
========================================================================
Received Import Request.
  Time since last request: 59.276991 seconds.
  path: Assets/Shaders/Outline.mat
  artifactKey: Guid(2f25f7f9a9446574a8c906c73a983f49) Importer(815301076,1909f56bfc062723c751e8b465ee728b)
Start importing Assets/Shaders/Outline.mat using Guid(2f25f7f9a9446574a8c906c73a983f49) Importer(815301076,1909f56bfc062723c751e8b465ee728b)  -> (artifact id: '45ca4f7d72659088f91fa555a8c865ed') in 0.506647 seconds
  Import took 0.528021 seconds .

========================================================================
Received Import Request.
  Time since last request: 69.768195 seconds.
  path: Assets/UniversalRenderPipelineAsset_Renderer.asset
  artifactKey: Guid(02273ffdd3af7cc47ad22ca6f95f3f6f) Importer(815301076,1909f56bfc062723c751e8b465ee728b)
Start importing Assets/UniversalRenderPipelineAsset_Renderer.asset using Guid(02273ffdd3af7cc47ad22ca6f95f3f6f) Importer(815301076,1909f56bfc062723c751e8b465ee728b)  -> (artifact id: '78900373f7248d92a8e1b18bf30e4d73') in 0.007735 seconds
  Import took 0.012515 seconds .

========================================================================
Received Import Request.
  Time since last request: 0.002572 seconds.
  path: Assets/UniversalRenderPipelineAsset.asset
  artifactKey: Guid(a4e4279772ae1694088e5b1fdf89ed93) Importer(815301076,1909f56bfc062723c751e8b465ee728b)
Start importing Assets/UniversalRenderPipelineAsset.asset using Guid(a4e4279772ae1694088e5b1fdf89ed93) Importer(815301076,1909f56bfc062723c751e8b465ee728b)  -> (artifact id: '8db04144e1bafa43c5bdec9dc5d01b7e') in 0.007691 seconds
  Import took 0.013088 seconds .

========================================================================
Received Import Request.
  Time since last request: 68.977898 seconds.
  path: Assets/UniversalRenderPipelineAsset_Renderer.asset
  artifactKey: Guid(02273ffdd3af7cc47ad22ca6f95f3f6f) Importer(815301076,1909f56bfc062723c751e8b465ee728b)
Start importing Assets/UniversalRenderPipelineAsset_Renderer.asset using Guid(02273ffdd3af7cc47ad22ca6f95f3f6f) Importer(815301076,1909f56bfc062723c751e8b465ee728b)  -> (artifact id: '865d72003efb8dc94909fbbe8838fdbe') in 0.003557 seconds
  Import took 0.023304 seconds .

========================================================================
Received Import Request.
  Time since last request: 109.053441 seconds.
  path: Assets/UniversalRenderPipelineAsset_Renderer.asset
  artifactKey: Guid(02273ffdd3af7cc47ad22ca6f95f3f6f) Importer(815301076,1909f56bfc062723c751e8b465ee728b)
Start importing Assets/UniversalRenderPipelineAsset_Renderer.asset using Guid(02273ffdd3af7cc47ad22ca6f95f3f6f) Importer(815301076,1909f56bfc062723c751e8b465ee728b)  -> (artifact id: '3d89fbc8d07e2314f4c4698263443696') in 0.003885 seconds
  Import took 0.008428 seconds .

========================================================================
Received Import Request.
  Time since last request: 0.003243 seconds.
  path: Assets/UniversalRenderPipelineAsset_Renderer.asset
  artifactKey: Guid(02273ffdd3af7cc47ad22ca6f95f3f6f) Importer(815301076,1909f56bfc062723c751e8b465ee728b)
Start importing Assets/UniversalRenderPipelineAsset_Renderer.asset using Guid(02273ffdd3af7cc47ad22ca6f95f3f6f) Importer(815301076,1909f56bfc062723c751e8b465ee728b)  -> (artifact id: '3d89fbc8d07e2314f4c4698263443696') in 0.003946 seconds
  Import took 0.008104 seconds .

========================================================================
Received Import Request.
  Time since last request: 100.134622 seconds.
  path: Assets/Shaders/Outline.mat
  artifactKey: Guid(2f25f7f9a9446574a8c906c73a983f49) Importer(815301076,1909f56bfc062723c751e8b465ee728b)
Start importing Assets/Shaders/Outline.mat using Guid(2f25f7f9a9446574a8c906c73a983f49) Importer(815301076,1909f56bfc062723c751e8b465ee728b)  -> (artifact id: 'ef179a548fbff0368ce325cef703df5c') in 0.012541 seconds
  Import took 0.035570 seconds .

========================================================================
Received Import Request.
  Time since last request: 127.939579 seconds.
  path: Assets/Shaders/Outline.mat
  artifactKey: Guid(2f25f7f9a9446574a8c906c73a983f49) Importer(815301076,1909f56bfc062723c751e8b465ee728b)
Start importing Assets/Shaders/Outline.mat using Guid(2f25f7f9a9446574a8c906c73a983f49) Importer(815301076,1909f56bfc062723c751e8b465ee728b)  -> (artifact id: '5ab2ddf423167a0b68640c01b2e0196d') in 0.012725 seconds
  Import took 0.017033 seconds .

========================================================================
Received Prepare
Registering precompiled user dll's ...
Registered in 0.001666 seconds.
Begin MonoManager ReloadAssembly
Native extension for WindowsStandalone target not found
Refreshing native plugins compatible for Editor in 0.53 ms, found 0 plugins.
Preloading 0 native plugins for Editor in 0.00 ms.
Mono: successfully reloaded assembly
- Completed reload, in  1.007 seconds
Platform modules already initialized, skipping
Switching build target platform(5) subTarget(0) extendedPlatform(0) -> platform(13) subTarget(537395200) extendedPlatform(0)
Shader 'Universal Render Pipeline/Particles/Lit': fallback shader 'Universal Render Pipeline/Particles/SimpleLit' not found
Refreshing native plugins compatible for Editor in 0.48 ms, found 0 plugins.
Preloading 0 native plugins for Editor in 0.00 ms.
Unloading 2321 Unused Serialized files (Serialized files now loaded: 0)
System memory in use before: 113.6 MB.
System memory in use after: 113.8 MB.

Unloading 6 unused Assets to reduce memory usage. Loaded Objects now: 3051.
Total: 2.912900 ms (FindLiveObjects: 0.323000 ms CreateObjectMapping: 0.069800 ms MarkObjects: 2.446600 ms  DeleteObjects: 0.071900 ms)

AssetImportParameters requested are different than current active one (requested -> active):
  custom:graphics/normal-map-encoding: 01000000000000000000000000000000 -> 02000000000000000000000000000000
========================================================================
Received Import Request.
  Time since last request: 1192.729661 seconds.
  path: Assets/Shaders/ToonUnlit.shadergraph
  artifactKey: Guid(362b1c22aaaa4f8459da6c77cb5ce5fc) Importer(815301076,1909f56bfc062723c751e8b465ee728b)
Start importing Assets/Shaders/ToonUnlit.shadergraph using Guid(362b1c22aaaa4f8459da6c77cb5ce5fc) Importer(815301076,1909f56bfc062723c751e8b465ee728b)  -> (artifact id: '040fae333ab01ec7d818ae36715b54e2') in 0.017763 seconds
  Import took 0.033591 seconds .

========================================================================
Received Import Request.
  Time since last request: 0.288490 seconds.
  path: Assets/Shaders/ToonUnlit.shadergraph
  artifactKey: Guid(362b1c22aaaa4f8459da6c77cb5ce5fc) Importer(815301076,1909f56bfc062723c751e8b465ee728b)
Start importing Assets/Shaders/ToonUnlit.shadergraph using Guid(362b1c22aaaa4f8459da6c77cb5ce5fc) Importer(815301076,1909f56bfc062723c751e8b465ee728b)  -> (artifact id: '040fae333ab01ec7d818ae36715b54e2') in 0.003848 seconds
  Import took 0.008312 seconds .

========================================================================
Received Import Request.
  Time since last request: 23.750562 seconds.
  path: Assets/Shaders/Outline.mat
  artifactKey: Guid(2f25f7f9a9446574a8c906c73a983f49) Importer(815301076,1909f56bfc062723c751e8b465ee728b)
Start importing Assets/Shaders/Outline.mat using Guid(2f25f7f9a9446574a8c906c73a983f49) Importer(815301076,1909f56bfc062723c751e8b465ee728b)  -> (artifact id: 'bed6e4abd3d40c74858e9d3c4c3315e2') in 0.715310 seconds
  Import took 0.733699 seconds .

========================================================================
Received Prepare
Registering precompiled user dll's ...
Registered in 0.001363 seconds.
Begin MonoManager ReloadAssembly
Native extension for WindowsStandalone target not found
Refreshing native plugins compatible for Editor in 0.45 ms, found 0 plugins.
Preloading 0 native plugins for Editor in 0.00 ms.
Mono: successfully reloaded assembly
- Completed reload, in  1.018 seconds
Platform modules already initialized, skipping
Switching build target platform(5) subTarget(0) extendedPlatform(0) -> platform(13) subTarget(537395200) extendedPlatform(0)
Shader 'Universal Render Pipeline/Particles/Lit': fallback shader 'Universal Render Pipeline/Particles/SimpleLit' not found
Refreshing native plugins compatible for Editor in 0.54 ms, found 0 plugins.
Preloading 0 native plugins for Editor in 0.00 ms.
Unloading 2319 Unused Serialized files (Serialized files now loaded: 0)
System memory in use before: 114.0 MB.
System memory in use after: 114.2 MB.

Unloading 6 unused Assets to reduce memory usage. Loaded Objects now: 3092.
Total: 2.899100 ms (FindLiveObjects: 0.318000 ms CreateObjectMapping: 0.066500 ms MarkObjects: 2.447600 ms  DeleteObjects: 0.065000 ms)

AssetImportParameters requested are different than current active one (requested -> active):
  custom:graphics/normal-map-encoding: 01000000000000000000000000000000 -> 02000000000000000000000000000000
========================================================================
Received Import Request.
  Time since last request: 185.465447 seconds.
  path: Assets/UniversalRenderPipelineAsset_Renderer.asset
  artifactKey: Guid(02273ffdd3af7cc47ad22ca6f95f3f6f) Importer(815301076,1909f56bfc062723c751e8b465ee728b)
Start importing Assets/UniversalRenderPipelineAsset_Renderer.asset using Guid(02273ffdd3af7cc47ad22ca6f95f3f6f) Importer(815301076,1909f56bfc062723c751e8b465ee728b)  -> (artifact id: '623676bfff745dbbff9d0735cd098eb8') in 0.014411 seconds
  Import took 0.025528 seconds .

========================================================================
Received Import Request.
  Time since last request: 16.906840 seconds.
  path: Assets/Shaders/Outline.mat
  artifactKey: Guid(2f25f7f9a9446574a8c906c73a983f49) Importer(815301076,1909f56bfc062723c751e8b465ee728b)
Start importing Assets/Shaders/Outline.mat using Guid(2f25f7f9a9446574a8c906c73a983f49) Importer(815301076,1909f56bfc062723c751e8b465ee728b)  -> (artifact id: 'b420cc8ffc75b82dec1ea8f22eeb4b70') in 0.158596 seconds
  Import took 0.182682 seconds .

========================================================================
Received Import Request.
  Time since last request: 0.000186 seconds.
  path: Assets/Shaders/Standard.mat
  artifactKey: Guid(3855219286eb1744f95f94408f2d3757) Importer(815301076,1909f56bfc062723c751e8b465ee728b)
Start importing Assets/Shaders/Standard.mat using Guid(3855219286eb1744f95f94408f2d3757) Importer(815301076,1909f56bfc062723c751e8b465ee728b)  -> (artifact id: '9a522e1cb7c11ca1f45ad68e2eddefd2') in 0.594135 seconds
  Import took 0.623846 seconds .

========================================================================
Received Prepare
Registering precompiled user dll's ...
Registered in 0.001329 seconds.
Begin MonoManager ReloadAssembly
Native extension for WindowsStandalone target not found
Refreshing native plugins compatible for Editor in 0.43 ms, found 0 plugins.
Preloading 0 native plugins for Editor in 0.00 ms.
Mono: successfully reloaded assembly
- Completed reload, in  1.022 seconds
Platform modules already initialized, skipping
Switching build target platform(5) subTarget(0) extendedPlatform(0) -> platform(13) subTarget(537395200) extendedPlatform(0)
Shader 'Universal Render Pipeline/Particles/Lit': fallback shader 'Universal Render Pipeline/Particles/SimpleLit' not found
Refreshing native plugins compatible for Editor in 0.44 ms, found 0 plugins.
Preloading 0 native plugins for Editor in 0.00 ms.
Unloading 2318 Unused Serialized files (Serialized files now loaded: 0)
System memory in use before: 114.1 MB.
System memory in use after: 114.3 MB.

Unloading 6 unused Assets to reduce memory usage. Loaded Objects now: 3131.
Total: 2.837700 ms (FindLiveObjects: 0.348500 ms CreateObjectMapping: 0.065200 ms MarkObjects: 2.353100 ms  DeleteObjects: 0.069400 ms)

AssetImportParameters requested are different than current active one (requested -> active):
  custom:graphics/normal-map-encoding: 01000000000000000000000000000000 -> 02000000000000000000000000000000
========================================================================
Received Import Request.
  Time since last request: 172.875060 seconds.
  path: Assets/Shaders/Outline.mat
  artifactKey: Guid(2f25f7f9a9446574a8c906c73a983f49) Importer(815301076,1909f56bfc062723c751e8b465ee728b)
Start importing Assets/Shaders/Outline.mat using Guid(2f25f7f9a9446574a8c906c73a983f49) Importer(815301076,1909f56bfc062723c751e8b465ee728b)  -> (artifact id: '238013547b0bf392a318e64dca70e8e4') in 0.171119 seconds
  Import took 0.175244 seconds .

========================================================================
Received Import Request.
  Time since last request: 0.000178 seconds.
  path: Assets/Shaders/PlayerMaterial 1.mat
  artifactKey: Guid(50d19ecccf3b18041ac1e0c196ca6762) Importer(815301076,1909f56bfc062723c751e8b465ee728b)
Start importing Assets/Shaders/PlayerMaterial 1.mat using Guid(50d19ecccf3b18041ac1e0c196ca6762) Importer(815301076,1909f56bfc062723c751e8b465ee728b)  -> (artifact id: 'c19b8a9e5e8c24f75d2fccf37e353856') in 0.017934 seconds
  Import took 0.022394 seconds .

========================================================================
Received Import Request.
  Time since last request: 0.000222 seconds.
  path: Assets/Shaders/Standard.mat
  artifactKey: Guid(3855219286eb1744f95f94408f2d3757) Importer(815301076,1909f56bfc062723c751e8b465ee728b)
Start importing Assets/Shaders/Standard.mat using Guid(3855219286eb1744f95f94408f2d3757) Importer(815301076,1909f56bfc062723c751e8b465ee728b)  -> (artifact id: '5f4b9d789a3971a4a084e108737e2aca') in 0.014070 seconds
  Import took 0.028635 seconds .

========================================================================
Received Prepare
Registering precompiled user dll's ...
Registered in 0.001353 seconds.
Begin MonoManager ReloadAssembly
Native extension for WindowsStandalone target not found
Refreshing native plugins compatible for Editor in 0.43 ms, found 0 plugins.
Preloading 0 native plugins for Editor in 0.00 ms.
Mono: successfully reloaded assembly
- Completed reload, in  0.977 seconds
Platform modules already initialized, skipping
Switching build target platform(5) subTarget(0) extendedPlatform(0) -> platform(13) subTarget(537395200) extendedPlatform(0)
Shader 'Universal Render Pipeline/Particles/Lit': fallback shader 'Universal Render Pipeline/Particles/SimpleLit' not found
Refreshing native plugins compatible for Editor in 0.53 ms, found 0 plugins.
Preloading 0 native plugins for Editor in 0.00 ms.
Unloading 2318 Unused Serialized files (Serialized files now loaded: 0)
System memory in use before: 114.3 MB.
System memory in use after: 114.4 MB.

Unloading 6 unused Assets to reduce memory usage. Loaded Objects now: 3170.
Total: 3.130200 ms (FindLiveObjects: 0.351000 ms CreateObjectMapping: 0.084200 ms MarkObjects: 2.617000 ms  DeleteObjects: 0.076600 ms)

AssetImportParameters requested are different than current active one (requested -> active):
  custom:graphics/normal-map-encoding: 01000000000000000000000000000000 -> 02000000000000000000000000000000
========================================================================
Received Import Request.
  Time since last request: 66.289445 seconds.
  path: Assets/Shaders/PlayerMaterial 1.mat
  artifactKey: Guid(50d19ecccf3b18041ac1e0c196ca6762) Importer(815301076,1909f56bfc062723c751e8b465ee728b)
Start importing Assets/Shaders/PlayerMaterial 1.mat using Guid(50d19ecccf3b18041ac1e0c196ca6762) Importer(815301076,1909f56bfc062723c751e8b465ee728b)  -> (artifact id: '730ba798e283995f074189df01170375') in 0.205713 seconds
  Import took 0.219123 seconds .

========================================================================
Received Prepare
Shader 'Universal Render Pipeline/Particles/Lit': fallback shader 'Universal Render Pipeline/Particles/SimpleLit' not found
Refreshing native plugins compatible for Editor in 1.18 ms, found 0 plugins.
Preloading 0 native plugins for Editor in 0.00 ms.
Unloading 4 Unused Serialized files (Serialized files now loaded: 0)
System memory in use before: 69.1 MB.
System memory in use after: 69.3 MB.

Unloading 4 unused Assets to reduce memory usage. Loaded Objects now: 3233.
Total: 3.986300 ms (FindLiveObjects: 0.357800 ms CreateObjectMapping: 0.067300 ms MarkObjects: 3.475900 ms  DeleteObjects: 0.084000 ms)

AssetImportWorkerClient::OnTransportError - code=2 error=End of file
